initializing ...
calibrating ...
gyroRate:0.02
driving ...
refpos = 0.0, dt = 0.02, Kp = 0.5, Ki = 11.0, Kd = 0.005
iter	speed	ang_vel	ang	sensor	avg_pwr	offset	refpos	mspeed	powerA	powerD	extra	pwr_b	pwr_c
1	20.00	-0.02	-0.00	-0.32	-0.31	-0.00	0.00	0.00
2	20.00	-0.02	-0.00	-0.61	-0.58	-0.00	0.00	0.00
3	20.00	-0.02	-0.00	-0.90	-0.92	-0.00	0.00	0.00
4	20.00	-0.02	-0.00	-1.18	-1.33	-0.00	0.00	0.00
5	20.00	0.18	0.00	-1.12	-1.45	-0.00	0.00	0.00
6	20.00	-0.02	0.00	-1.67	-2.24	-0.00	0.00	0.00
7	20.00	-0.02	0.00	-1.96	-2.75	-0.01	0.01	0.00
8	20.00	-0.02	0.00	-2.25	-3.39	-0.01	0.01	0.00
9	20.00	-0.02	0.00	-2.54	-4.10	-0.01	0.01	0.00
10	20.00	-0.02	-0.00	-2.83	-4.86	-0.01	0.01	0.00
11	20.00	-0.02	-0.00	-3.33	-5.90	-0.01	0.01	-0.00
12	20.00	-0.02	-0.00	-3.62	-6.79	-0.01	0.01	-0.00
13	20.00	-0.02	-0.00	-3.91	-7.79	-0.01	0.01	-0.00
14	20.00	-0.02	-0.00	-4.49	-9.15	-0.01	0.01	-0.00
15	20.00	-0.02	-0.00	-5.55	-11.01	-0.01	0.01	-0.01
16	20.00	-0.02	-0.00	-6.69	-13.08	-0.02	0.01	-0.02
17	20.00	-0.22	-0.01	-8.27	-15.80	-0.02	0.01	-0.02
18	20.00	-0.02	-0.01	-8.94	-17.87	-0.02	0.01	-0.03
19	20.00	-0.22	-0.01	-10.01	-20.71	-0.02	0.02	-0.03
20	20.00	-0.22	-0.02	-10.69	-23.30	-0.02	0.02	-0.03
21	20.00	-1.01	-0.04	-14.34	-29.02	-0.02	0.02	-0.05
22	20.00	-4.79	-0.13	-24.60	-41.22	-0.03	0.02	-0.07
23	20.00	-7.56	-0.28	-34.37	-53.54	-0.03	0.02	-0.08
24	20.00	-3.75	-0.36	-38.38	-62.55	-0.04	0.02	-0.13
25	20.00	-2.94	-0.41	-48.52	-79.82	-0.05	0.02	-0.21
26	20.00	-4.92	-0.51	-65.05	-104.00	-0.07	0.02	-0.30
27	20.00	-7.69	-0.66	-78.10	-126.83	-0.08	0.02	-0.33
28	20.00	-13.03	-0.92	-102.16	-164.09	-0.09	0.02	-0.40
29	20.00	-12.78	-1.17	-134.99	-212.40	-0.12	0.02	-0.61
30	20.00	10.97	-0.95	-121.17	-220.48	-0.15	0.02	-0.77
31	20.00	19.89	-0.54	-98.22	-228.34	-0.16	0.02	-0.73
32	20.00	35.15	0.17	-31.34	-190.81	-0.14	0.03	-0.45
33	20.00	14.30	0.46	-22.69	-206.03	-0.11	0.03	-0.20
34	20.00	2.68	0.52	3.58	-187.70	-0.07	0.03	0.16
35	20.00	-2.90	0.46	32.20	-165.72	-0.05	0.03	0.56
36	20.00	0.89	0.49	157.75	-44.01	0.07	0.03	1.61
37	20.00	-7.08	0.35	156.64	-41.77	0.08	0.03	1.73
38	20.00	-9.64	0.16	139.34	-23.81	0.08	0.03	1.59
39	20.00	-9.80	-0.03	119.98	-7.61	0.08	0.03	1.40
40	20.00	-11.16	-0.25	91.38	-4.12	0.08	0.03	1.12
41	20.00	-6.73	-0.38	80.40	12.49	0.08	0.03	0.95
42	20.00	-4.71	-0.47	16.66	-28.90	0.08	0.03	0.10
43	20.00	1.09	-0.45	19.56	-6.49	0.08	0.03	0.03
44	20.00	0.28	-0.44	15.48	-6.87	0.08	0.04	-0.01
45	20.00	1.48	-0.40	16.06	-1.88	0.07	0.04	-0.02
46	20.00	-0.12	-0.40	14.14	-0.36	0.07	0.04	-0.02
47	20.00	0.28	-0.38	14.99	4.05	0.07	0.04	-0.01
48	20.00	0.87	-0.36	16.82	8.92	0.07	0.04	-0.00
49	20.00	0.87	-0.34	16.60	11.94	0.07	0.04	-0.01
50	20.00	1.66	-0.29	18.71	17.70	0.07	0.04	-0.01
51	20.00	1.86	-0.25	20.66	23.18	0.07	0.04	0.00
52	20.00	2.25	-0.20	23.11	29.62	0.07	0.04	0.01
53	20.00	2.24	-0.14	25.34	36.25	0.07	0.04	0.02
54	20.00	2.23	-0.09	27.73	43.58	0.07	0.04	0.03
55	20.00	3.62	-0.01	33.05	54.25	0.07	0.04	0.04
56	20.00	6.19	0.12	43.11	69.95	0.08	0.04	0.07
57	20.00	6.36	0.26	49.50	83.11	0.08	0.05	0.10
58	20.00	10.32	0.47	64.85	107.30	0.08	0.05	0.14
59	20.00	10.28	0.68	81.94	134.30	0.10	0.05	0.23
60	20.00	12.03	0.93	98.13	163.76	0.11	0.05	0.29
61	20.00	11.99	1.17	122.08	204.53	0.13	0.05	0.43
62	20.00	-4.60	1.09	107.41	211.17	0.14	0.05	0.50
63	20.00	-22.51	0.64	69.04	201.25	0.14	0.05	0.46
64	20.00	-25.01	0.14	42.60	200.38	0.13	0.05	0.36
65	20.00	-33.87	-0.53	-3.21	171.93	0.12	0.05	0.17
66	20.00	-22.98	-0.99	-16.53	169.76	0.10	0.05	0.02
67	20.00	-15.91	-1.30	-35.21	151.33	0.09	0.05	-0.20
68	20.00	-2.10	-1.34	-31.65	151.71	0.09	0.05	-0.35
69	20.00	10.45	-1.12	-10.00	164.85	0.09	0.06	-0.34
70	20.00	18.58	-0.74	17.52	183.94	0.09	0.06	-0.26
71	20.00	18.70	-0.35	37.36	200.15	0.09	0.06	-0.14
72	20.00	-4.88	-0.44	9.04	175.94	0.09	0.06	-0.07
73	20.00	-20.99	-0.85	-28.81	148.30	0.08	0.06	-0.09
74	20.00	-20.31	-1.25	-40.92	139.67	0.07	0.06	-0.10
75	20.00	-8.88	-1.41	-32.48	141.88	0.06	0.06	-0.11
76	20.00	1.92	-1.36	-17.05	147.60	0.07	0.06	-0.12
77	20.00	9.28	-1.16	0.95	157.45	0.07	0.06	-0.10
78	20.00	21.99	-0.70	42.04	193.02	0.09	0.06	0.01
avg_pwr:206.13
ERROR
java.lang.InterruptedException: sleep interrupted
	at java.lang.Thread.sleep(Native Method)
	at GyroBoy.sleep(GyroBoy.java:468)
	at GyroBoy.errors(GyroBoy.java:459)
	at GyroBoy$Balancer.run(GyroBoy.java:172)
	at java.lang.Thread.run(Thread.java:745)
79	20.00	14.33	-0.40	56.62	206.13	0.10	0.06	0.18
Iteration:80
TotalTime:5628ms
AvgTime:70.35ms
iter	speed	ang_vel	ang	sensor	avg_pwr	offset	refpos	mspeed	powerA	powerD	extra	pwr_b	pwr_c
80	20.00	14.33	-0.40	56.62	206.13	0.10	0.06	0.18
