initializing ...
calibrating ...
gyroRate:0.00
driving ...
refpos = 0.0, dt = 0.025, Kp = 0.5, Ki = 11.0, Kd = 0.005
iter	speed	ang_vel	ang	sensor	avg_pwr	offset	refpos	mspeed	powerA	powerD	extra	pwr_b	pwr_c
1	20.00	0.00	0.00	-0.35	-0.34	-0.00	0.00	0.00
2	20.00	0.00	0.00	-0.70	-0.71	-0.00	0.00	0.00
3	20.00	0.00	0.00	-1.05	-1.17	-0.00	0.00	0.00
4	20.00	0.00	0.00	-1.40	-1.73	-0.00	0.00	0.00
5	20.00	0.00	0.00	-1.75	-2.39	-0.01	0.01	0.00
6	20.00	0.00	0.00	-2.10	-3.14	-0.01	0.01	0.00
7	20.00	0.00	0.00	-2.45	-3.99	-0.01	0.01	0.00
8	20.00	0.00	0.00	-2.80	-4.94	-0.01	0.01	0.00
9	20.00	0.00	0.00	-3.15	-5.98	-0.01	0.01	0.00
10	20.00	0.00	0.00	-3.50	-7.11	-0.01	0.01	0.00
11	20.00	0.00	0.00	-4.04	-8.53	-0.01	0.01	-0.00
12	20.00	0.00	0.00	-4.76	-10.24	-0.01	0.01	-0.00
13	20.00	0.00	0.00	-5.48	-12.11	-0.01	0.01	-0.01
14	20.00	0.00	0.00	-6.39	-14.36	-0.02	0.01	-0.01
15	20.00	0.00	0.00	-7.49	-17.01	-0.02	0.02	-0.02
16	20.00	-0.80	-0.02	-10.12	-21.41	-0.02	0.02	-0.02
17	20.00	-0.99	-0.04	-12.17	-25.67	-0.02	0.02	-0.03
18	20.00	-1.58	-0.08	-15.19	-31.55	-0.02	0.02	-0.03
19	20.00	-2.17	-0.14	-19.32	-39.15	-0.03	0.02	-0.04
20	20.00	-4.35	-0.25	-28.08	-52.17	-0.03	0.02	-0.06
21	20.00	-11.49	-0.53	-51.93	-81.40	-0.04	0.02	-0.11
22	20.00	-10.04	-0.78	-65.06	-103.71	-0.06	0.02	-0.17
23	20.00	-8.00	-0.98	-82.80	-136.28	-0.08	0.02	-0.28
24	20.00	-10.55	-1.24	-111.77	-183.74	-0.10	0.02	-0.41
25	20.00	6.62	-1.07	-110.85	-207.79	-0.14	0.03	-0.59
26	20.00	17.33	-0.63	-87.35	-215.55	-0.14	0.03	-0.59
27	20.00	40.13	0.38	-0.79	-159.87	-0.11	0.03	-0.34
28	20.00	3.51	0.47	14.43	-162.56	-0.04	0.03	0.14
29	20.00	-19.19	-0.00	-27.90	-202.91	-0.05	0.03	0.19
30	20.00	-14.72	-0.37	-52.64	-226.23	-0.09	0.03	0.10
31	20.00	12.42	-0.05	0.83	-183.63	-0.10	0.03	0.27
32	20.00	24.30	0.56	52.95	-143.28	-0.07	0.03	0.43
33	20.00	13.63	0.91	56.62	-135.57	-0.04	0.03	0.41
34	20.00	-10.52	0.65	-8.96	-184.67	-0.04	0.03	0.02
35	20.00	-25.99	0.00	-63.98	-227.66	-0.07	0.03	-0.08
36	20.00	19.71	0.50	28.77	-143.81	-0.07	0.04	0.18
37	20.00	19.61	0.99	53.51	-130.33	-0.05	0.04	0.29
38	20.00	3.60	1.08	28.73	-144.73	-0.05	0.04	0.18
39	20.00	0.20	1.08	9.01	-151.09	-0.05	0.04	-0.01
40	20.00	-24.48	0.47	-51.55	-203.72	-0.06	0.04	-0.12
41	20.00	-30.93	-0.30	-75.63	-229.26	-0.08	0.04	-0.01
42	20.00	-2.71	-0.37	-51.38	-221.61	-0.09	0.04	-0.10
avg_pwr:-189.71
ERROR
java.lang.InterruptedException: sleep interrupted
	at java.lang.Thread.sleep(Native Method)
	at GyroBoy.sleep(GyroBoy.java:468)
	at GyroBoy.errors(GyroBoy.java:459)
	at GyroBoy$Balancer.run(GyroBoy.java:172)
	at java.lang.Thread.run(Thread.java:745)
43	20.00	19.19	0.11	0.80	-189.71	-0.07	0.04	-0.05
Iteration:44
TotalTime:4181ms
AvgTime:95.02ms
iter	speed	ang_vel	ang	sensor	avg_pwr	offset	refpos	mspeed	powerA	powerD	extra	pwr_b	pwr_c
44	20.00	19.19	0.11	0.80	-189.71	-0.07	0.04	-0.05
