initializing ...
calibrating ...
gyroRate:0.00
driving ...
refpos = 0.0, dt = 0.03, Kp = 0.5, Ki = 11.0, Kd = 0.005
iter	speed	ang_vel	ang	sensor	avg_pwr	offset	refpos	mspeed	powerA	powerD	extra	pwr_b	pwr_c
1	20.00	0.00	0.00	-0.42	-0.42	-0.00	0.00	0.00
2	20.00	0.00	0.00	-0.84	-0.91	-0.00	0.00	0.00
3	20.00	0.00	0.00	-1.26	-1.53	-0.00	0.00	0.00
4	20.00	0.00	0.00	-1.68	-2.30	-0.00	0.00	0.00
5	20.00	0.00	0.00	-2.10	-3.20	-0.01	0.01	0.00
6	20.00	0.00	0.00	-2.52	-4.24	-0.01	0.01	0.00
7	20.00	0.00	0.00	-2.94	-5.42	-0.01	0.01	0.00
8	20.00	0.00	0.00	-3.36	-6.74	-0.01	0.01	0.00
9	20.00	0.00	0.00	-3.95	-8.37	-0.01	0.01	-0.00
10	20.00	0.00	0.00	-4.37	-9.99	-0.01	0.01	-0.00
11	20.00	0.00	0.00	-5.13	-12.12	-0.01	0.01	-0.00
12	20.00	0.00	0.00	-6.23	-14.78	-0.02	0.01	-0.01
13	20.00	-0.20	-0.01	-7.73	-18.15	-0.02	0.02	-0.01
14	20.00	-0.40	-0.02	-9.39	-22.10	-0.02	0.02	-0.02
15	20.00	-1.79	-0.07	-13.54	-29.07	-0.02	0.02	-0.02
16	20.00	-2.37	-0.14	-17.51	-36.80	-0.03	0.02	-0.03
17	20.00	-4.94	-0.29	-26.75	-51.12	-0.03	0.02	-0.04
18	20.00	-10.08	-0.59	-44.35	-75.95	-0.04	0.02	-0.06
19	20.00	-16.78	-1.09	-69.57	-112.79	-0.04	0.02	-0.08
20	20.00	-22.64	-1.77	-107.89	-169.74	-0.06	0.02	-0.17
21	20.00	-4.61	-1.90	-112.79	-203.84	-0.10	0.03	-0.33
22	20.00	28.21	-1.05	-45.12	-172.80	-0.10	0.03	-0.30
23	20.00	44.15	0.28	35.02	-119.10	-0.06	0.03	-0.11
24	20.00	2.14	0.35	12.47	-143.37	-0.02	0.03	0.11
25	20.00	-17.16	-0.15	-22.42	-170.27	-0.02	0.03	0.14
26	20.00	-12.09	-0.51	-41.27	-190.64	-0.05	0.03	0.08
27	20.00	9.26	-0.22	9.85	-150.17	-0.05	0.03	0.27
28	20.00	17.55	0.31	62.80	-102.66	-0.01	0.03	0.46
29	20.00	-12.57	-0.06	3.74	-149.63	-0.00	0.03	0.30
30	20.00	-20.45	-0.67	-53.19	-195.29	-0.03	0.04	-0.00
31	20.00	-25.70	-1.43	-99.84	-249.85	-0.06	0.04	-0.14
32	20.00	21.38	-0.78	-11.31	-186.78	-0.06	0.04	0.01
33	20.00	17.07	-0.26	9.80	-184.23	-0.04	0.04	0.09
34	20.00	23.13	0.45	38.85	-155.56	-0.01	0.04	0.01
35	20.00	17.03	0.97	67.57	-118.96	0.02	0.04	0.17
36	20.00	-23.23	0.28	8.46	-160.37	0.03	0.04	0.30
37	20.00	-26.47	-0.51	-12.65	-168.76	0.02	0.04	0.38
38	20.00	-29.09	-1.37	-46.79	-203.44	0.00	0.05	0.32
39	20.00	-16.79	-1.86	-60.81	-227.17	-0.01	0.05	0.15
avg_pwr:-214.53
ERROR
java.lang.InterruptedException: sleep interrupted
	at java.lang.Thread.sleep(Native Method)
	at GyroBoy.sleep(GyroBoy.java:468)
	at GyroBoy.errors(GyroBoy.java:459)
	at GyroBoy$Balancer.run(GyroBoy.java:172)
	at java.lang.Thread.run(Thread.java:745)
40	20.00	9.35	-1.57	-30.34	-214.53	-0.01	0.05	0.02
Iteration:41
TotalTime:3692ms
AvgTime:90.05ms
iter	speed	ang_vel	ang	sensor	avg_pwr	offset	refpos	mspeed	powerA	powerD	extra	pwr_b	pwr_c
41	20.00	9.35	-1.57	-30.34	-214.53	-0.01	0.05	0.02
