initializing ...
calibrating ...
gyroRate:0.01
driving ...
refpos = 0.0, dt = 0.04, Kp = 0.5, Ki = 11.0, Kd = 0.005
iter	speed	ang_vel	ang	sensor	avg_pwr	offset	refpos	mspeed	powerA	powerD	extra	pwr_b	pwr_c
1	20.00	-0.01	-0.00	-0.58	-0.62	-0.00	0.00	0.00
2	20.00	-0.01	-0.00	-1.15	-1.41	-0.00	0.00	0.00
3	20.00	-0.01	-0.00	-1.72	-2.45	-0.00	0.00	0.00
4	20.00	-0.01	-0.00	-2.29	-3.75	-0.01	0.01	0.00
5	20.00	-0.01	-0.00	-2.86	-5.29	-0.01	0.01	0.00
6	20.00	-0.01	-0.00	-3.43	-7.08	-0.01	0.01	0.00
7	20.00	-0.01	-0.00	-4.00	-9.13	-0.01	0.01	0.00
8	20.00	-0.01	-0.00	-4.86	-11.74	-0.01	0.01	-0.00
9	20.00	-0.01	-0.00	-5.73	-14.69	-0.02	0.01	-0.00
10	20.00	-0.21	-0.01	-7.05	-18.51	-0.02	0.02	-0.01
11	20.00	-0.21	-0.02	-8.26	-22.74	-0.02	0.02	-0.01
12	20.00	-1.00	-0.06	-11.14	-29.29	-0.02	0.02	-0.01
13	20.00	-1.78	-0.13	-14.80	-37.72	-0.02	0.02	-0.01
14	20.00	-4.94	-0.33	-25.75	-55.44	-0.03	0.02	-0.02
15	20.00	-11.65	-0.79	-50.07	-91.30	-0.04	0.02	-0.04
16	20.00	-13.34	-1.32	-72.80	-134.50	-0.05	0.03	-0.07
17	20.00	-17.40	-2.01	-108.18	-201.37	-0.07	0.03	-0.14
18	20.00	-21.83	-2.88	-157.50	-297.07	-0.11	0.03	-0.27
19	20.00	5.93	-2.63	-117.60	-317.71	-0.11	0.03	-0.28
20	20.00	20.36	-1.81	-68.15	-321.78	-0.10	0.03	-0.21
21	20.00	11.07	-1.35	-63.07	-352.54	-0.09	0.03	-0.16
22	20.00	10.39	-0.92	-49.06	-366.00	-0.09	0.04	-0.11
23	20.00	5.15	-0.70	-46.99	-387.14	-0.09	0.04	-0.05
24	20.00	-2.83	-0.80	-54.30	-415.85	-0.10	0.04	0.06
25	20.00	-6.58	-1.04	-70.54	-456.12	-0.11	0.04	0.04
26	20.00	-6.13	-1.27	-84.35	-499.84	-0.12	0.04	-0.04
27	20.00	-17.59	-1.95	-126.00	-579.58	-0.13	0.04	-0.11
28	20.00	-5.34	-2.14	-134.20	-638.55	-0.16	0.04	-0.23
29	20.00	13.35	-1.59	-97.93	-657.95	-0.17	0.05	-0.23
30	20.00	9.87	-1.17	-84.45	-691.21	-0.16	0.05	-0.17
31	20.00	-0.13	-1.15	-92.29	-738.41	-0.15	0.05	-0.12
32	20.00	6.62	-0.85	-76.75	-761.48	-0.16	0.05	-0.11
33	20.00	-5.54	-1.05	-101.85	-823.93	-0.17	0.05	-0.11
34	20.00	-0.53	-1.04	-96.51	-859.92	-0.19	0.05	-0.06
35	20.00	-11.84	-1.48	-130.33	-939.06	-0.20	0.06	-0.09
36	20.00	1.95	-1.37	-116.44	-977.39	-0.21	0.06	-0.15
avg_pwr:-999.83
ERROR
java.lang.InterruptedException: sleep interrupted
	at java.lang.Thread.sleep(Native Method)
	at GyroBoy.sleep(GyroBoy.java:468)
	at GyroBoy.errors(GyroBoy.java:459)
	at GyroBoy$Balancer.run(GyroBoy.java:172)
	at java.lang.Thread.run(Thread.java:745)
37	20.00	12.05	-0.86	-87.77	-999.83	-0.20	0.06	-0.14
Iteration:38
TotalTime:3475ms
AvgTime:91.45ms
iter	speed	ang_vel	ang	sensor	avg_pwr	offset	refpos	mspeed	powerA	powerD	extra	pwr_b	pwr_c
38	20.00	12.05	-0.86	-87.77	-999.83	-0.20	0.06	-0.14
