initializing ...
calibrating ...
gyroRate:0.00
driving ...
refpos = 0.0, dt = 0.015, Kp = 0.5, Ki = 11.0, Kd = 0.005
iter	speed	ang_vel	ang	sensor	avg_pwr	offset	refpos	mspeed	powerA	powerD	extra	pwr_b	pwr_c
1	20.00	0.00	0.00	-0.21	-0.21	-0.00	0.00	0.00
2	20.00	0.00	0.00	-0.42	-0.38	-0.00	0.00	0.00
3	20.00	0.00	0.00	-0.63	-0.59	-0.00	0.00	0.00
4	20.00	0.00	0.00	-0.84	-0.84	-0.00	0.00	0.00
5	20.00	0.00	0.00	-1.05	-1.11	-0.00	0.00	0.00
6	20.00	0.00	0.00	-1.26	-1.43	-0.00	0.00	0.00
7	20.00	0.00	0.00	-1.47	-1.78	-0.00	0.00	0.00
8	20.00	0.00	0.00	-1.68	-2.16	-0.00	0.00	0.00
9	20.00	0.00	0.00	-1.89	-2.57	-0.01	0.01	0.00
10	20.00	0.00	0.00	-2.10	-3.03	-0.01	0.01	0.00
11	20.00	0.20	0.00	-1.98	-3.18	-0.01	0.01	0.00
12	20.00	-0.00	0.00	-2.45	-4.02	-0.01	0.01	0.00
13	20.00	-0.00	0.00	-2.66	-4.47	-0.01	0.01	0.00
14	20.00	-0.00	0.00	-3.12	-5.31	-0.01	0.01	-0.00
15	20.00	-0.00	0.00	-3.33	-5.88	-0.01	0.01	-0.00
16	20.00	-0.00	0.00	-3.54	-6.57	-0.01	0.01	-0.00
17	20.00	-0.00	0.00	-4.01	-7.55	-0.01	0.01	-0.00
18	20.00	-0.00	0.00	-4.73	-8.77	-0.01	0.01	-0.01
19	20.00	-0.00	0.00	-5.71	-10.29	-0.01	0.01	-0.02
20	20.00	-0.20	-0.00	-7.36	-12.55	-0.01	0.01	-0.03
21	20.00	0.00	-0.00	-7.82	-13.68	-0.02	0.01	-0.03
22	20.00	-0.40	-0.01	-8.95	-15.95	-0.02	0.01	-0.03
23	20.00	-1.00	-0.02	-10.91	-19.00	-0.02	0.01	-0.04
24	20.00	-2.79	-0.06	-15.17	-24.40	-0.02	0.01	-0.04
25	20.00	-6.17	-0.16	-23.36	-33.66	-0.02	0.01	-0.05
26	20.00	-8.14	-0.28	-31.13	-42.54	-0.03	0.02	-0.06
27	20.00	-5.73	-0.36	-35.85	-49.80	-0.03	0.02	-0.11
28	20.00	-4.11	-0.42	-47.06	-65.33	-0.04	0.02	-0.21
29	20.00	-4.10	-0.48	-61.25	-83.53	-0.06	0.02	-0.32
30	20.00	-6.88	-0.58	-83.00	-110.62	-0.07	0.02	-0.46
31	20.00	-10.65	-0.74	-108.45	-142.47	-0.09	0.02	-0.60
32	20.00	-4.64	-0.81	-123.84	-167.24	-0.11	0.02	-0.78
33	20.00	13.72	-0.60	-123.16	-181.87	-0.14	0.02	-1.02
34	20.00	1.32	-0.57	-175.43	-254.60	-0.18	0.02	-1.31
35	20.00	5.10	-0.49	-166.99	-257.70	-0.19	0.02	-1.26
36	20.00	21.24	-0.16	-107.99	-229.16	-0.17	0.02	-0.94
37	20.00	0.24	-0.15	-56.27	-215.02	-0.11	0.02	-0.18
38	20.00	3.03	-0.10	-25.24	-210.56	-0.10	0.02	0.12
39	20.00	7.01	0.01	15.07	-184.82	-0.09	0.02	0.51
40	20.00	14.57	0.23	77.23	-133.72	-0.08	0.02	1.06
41	20.00	15.52	0.47	105.86	-113.11	-0.06	0.02	1.27
42	20.00	-12.24	0.29	63.56	-147.42	-0.05	0.03	1.20
43	20.00	-29.36	-0.14	-28.14	-214.38	-0.06	0.03	0.48
44	20.00	-28.27	-0.56	-55.49	-215.76	-0.08	0.03	0.29
45	20.00	-0.87	-0.57	-33.07	-193.41	-0.08	0.03	0.14
46	20.00	18.08	-0.29	-1.19	-174.51	-0.07	0.03	0.10
47	20.00	19.02	0.00	7.05	-177.12	-0.06	0.03	0.05
48	20.00	20.56	0.32	39.13	-146.67	-0.03	0.03	0.21
49	20.00	20.30	0.63	68.27	-121.82	-0.02	0.03	0.45
50	20.00	5.08	0.71	67.80	-120.73	-0.01	0.03	0.64
avg_pwr:-137.92
ERROR
java.lang.InterruptedException: sleep interrupted
	at java.lang.Thread.sleep(Native Method)
	at GyroBoy.sleep(GyroBoy.java:468)
	at GyroBoy.errors(GyroBoy.java:459)
	at GyroBoy$Balancer.run(GyroBoy.java:172)
	at java.lang.Thread.run(Thread.java:745)
51	20.00	-15.87	0.47	39.22	-137.92	-0.01	0.03	0.69
Iteration:52
TotalTime:4336ms
AvgTime:83.38ms
iter	speed	ang_vel	ang	sensor	avg_pwr	offset	refpos	mspeed	powerA	powerD	extra	pwr_b	pwr_c
52	20.00	-15.87	0.47	39.22	-137.92	-0.01	0.03	0.69
