initializing ...
calibrating ...
gyroRate:0.00
driving ...
refpos = 0.0, dt = 0.01, Kp = 0.5, Ki = 11.0, Kd = 0.005
iter	speed	ang_vel	ang	sensor	avg_pwr	offset	refpos	mspeed	powerA	powerD	extra	pwr_b	pwr_c
1	20.00	0.00	0.00	-0.14	-0.16	-0.00	0.00	0.00
2	20.00	0.00	0.00	-0.28	-0.26	-0.00	0.00	0.00
3	20.00	0.00	0.00	-0.42	-0.37	-0.00	0.00	0.00
4	20.00	0.00	0.00	-0.56	-0.50	-0.00	0.00	0.00
5	20.00	0.20	0.00	-0.39	-0.31	-0.00	0.00	0.00
6	20.00	0.20	0.00	-0.48	-0.54	-0.00	0.00	0.00
7	20.00	-0.00	0.00	-0.88	-0.99	-0.00	0.00	0.00
8	20.00	-0.00	0.00	-1.02	-1.04	-0.00	0.00	0.00
9	20.00	-0.00	0.00	-1.16	-1.24	-0.00	0.00	0.00
10	20.00	-0.00	0.00	-1.30	-1.45	-0.00	0.00	0.00
11	20.00	-0.00	0.00	-1.44	-1.68	-0.00	0.00	0.00
12	20.00	0.20	0.01	-1.28	-1.58	-0.00	0.00	0.00
13	20.00	-0.00	0.01	-1.68	-2.25	-0.01	0.01	0.00
14	20.00	-0.00	0.01	-1.82	-2.39	-0.01	0.01	0.00
15	20.00	-0.00	0.01	-1.96	-2.68	-0.01	0.01	0.00
16	20.00	-0.00	0.01	-2.10	-2.98	-0.01	0.01	0.00
17	20.00	-0.00	0.01	-2.24	-3.30	-0.01	0.01	0.00
18	20.00	-0.00	0.01	-2.39	-3.63	-0.01	0.01	0.00
19	20.00	-0.00	0.01	-2.53	-3.98	-0.01	0.01	0.00
20	20.00	-0.00	0.01	-2.67	-4.35	-0.01	0.01	0.00
21	20.00	-0.00	0.01	-2.81	-4.73	-0.01	0.01	0.00
22	20.00	-0.00	0.01	-2.95	-5.13	-0.01	0.01	0.00
23	20.00	-0.00	0.00	-3.10	-5.54	-0.01	0.01	0.00
24	20.00	-0.00	0.00	-3.24	-5.97	-0.01	0.01	0.00
25	20.00	0.20	0.01	-3.07	-6.07	-0.01	0.01	0.00
26	20.00	-0.00	0.01	-3.90	-7.41	-0.01	0.01	-0.00
27	20.00	-0.00	0.01	-4.98	-8.62	-0.01	0.01	-0.01
28	20.00	-0.00	0.01	-5.81	-9.55	-0.01	0.01	-0.02
29	20.00	-0.00	0.01	-6.29	-10.31	-0.01	0.01	-0.02
30	20.00	-0.00	0.01	-7.80	-12.43	-0.01	0.01	-0.04
31	20.00	-0.20	0.00	-9.62	-14.56	-0.02	0.01	-0.05
32	20.00	-0.80	-0.00	-11.51	-16.80	-0.02	0.01	-0.06
33	20.00	-1.80	-0.02	-13.99	-19.88	-0.02	0.01	-0.06
34	20.00	-4.99	-0.07	-24.81	-32.18	-0.02	0.01	-0.11
35	20.00	0.01	-0.07	-20.57	-24.80	-0.03	0.01	-0.13
36	20.00	0.01	-0.07	-24.11	-33.11	-0.03	0.01	-0.16
37	20.00	0.21	-0.07	-25.64	-35.69	-0.03	0.01	-0.18
38	20.00	-0.98	-0.08	-29.53	-42.07	-0.03	0.02	-0.20
39	20.00	-2.18	-0.10	-34.48	-48.87	-0.04	0.02	-0.22
40	20.00	-2.97	-0.13	-36.28	-52.17	-0.04	0.02	-0.20
41	20.00	-4.17	-0.17	-43.51	-63.29	-0.04	0.02	-0.24
42	20.00	-4.96	-0.22	-54.49	-76.65	-0.05	0.02	-0.32
43	20.00	-7.54	-0.29	-73.48	-98.23	-0.06	0.02	-0.45
44	20.00	-7.73	-0.37	-84.26	-108.79	-0.07	0.02	-0.52
45	20.00	-9.11	-0.46	-114.93	-146.72	-0.09	0.02	-0.79
46	20.00	-41.82	-0.87	-185.03	-221.83	-0.11	0.02	-0.95
47	20.00	-3.22	-0.90	-147.26	-165.20	-0.12	0.02	-1.04
48	20.00	-2.01	-0.92	-147.37	-200.42	-0.13	0.02	-1.03
49	20.00	0.39	-0.91	-138.47	-206.69	-0.13	0.02	-0.93
50	20.00	4.98	-0.85	-125.91	-212.43	-0.13	0.02	-0.85
51	20.00	9.76	-0.75	-87.00	-189.37	-0.13	0.02	-0.48
52	20.00	18.72	-0.55	-43.17	-169.74	-0.12	0.02	-0.15
53	20.00	24.07	-0.30	0.03	-148.46	-0.11	0.02	0.19
54	20.00	14.64	-0.15	12.09	-156.67	-0.10	0.02	0.43
55	20.00	8.82	-0.05	16.54	-156.43	-0.10	0.02	0.54
56	20.00	-11.75	-0.16	-18.10	-195.28	-0.10	0.02	0.49
57	20.00	-23.90	-0.39	-65.49	-232.56	-0.12	0.02	0.22
58	20.00	-3.30	-0.42	-52.87	-202.06	-0.12	0.02	0.05
59	20.00	19.86	-0.21	-7.70	-164.05	-0.10	0.02	0.11
60	20.00	29.40	0.10	18.66	-158.21	-0.09	0.02	0.14
61	20.00	19.96	0.30	27.73	-159.27	-0.08	0.02	0.29
62	20.00	-3.43	0.28	-2.06	-193.84	-0.08	0.02	0.32
63	20.00	-2.42	0.26	2.36	-174.25	-0.09	0.03	0.41
64	20.00	6.36	0.34	21.17	-155.33	-0.09	0.03	0.48
avg_pwr:-173.14
ERROR
java.lang.InterruptedException: sleep interrupted
	at java.lang.Thread.sleep(Native Method)
	at GyroBoy.sleep(GyroBoy.java:468)
	at GyroBoy.errors(GyroBoy.java:459)
	at GyroBoy$Balancer.run(GyroBoy.java:172)
	at java.lang.Thread.run(Thread.java:745)
65	20.00	7.15	0.41	11.49	-173.14	-0.09	0.03	0.29
Iteration:66
TotalTime:5174ms
AvgTime:78.39ms
iter	speed	ang_vel	ang	sensor	avg_pwr	offset	refpos	mspeed	powerA	powerD	extra	pwr_b	pwr_c
66	20.00	7.15	0.41	11.49	-173.14	-0.09	0.03	0.29
